2012-04-02 15:13:52 Error: [PDOException] SQLSTATE[42S22]: Column not found: 1054 Unknown column 'DeviceType.name' in 'field list'
#0 D:\Users\indermue\Documents\siteweb\www\cakephp_dev\cakephp\lib\Cake\Model\Datasource\DboSource.php(436): PDOStatement->execute(Array)
#1 D:\Users\indermue\Documents\siteweb\www\cakephp_dev\cakephp\lib\Cake\Model\Datasource\DboSource.php(403): DboSource->_execute('SELECT `DeviceT...', Array)
#2 D:\Users\indermue\Documents\siteweb\www\cakephp_dev\cakephp\lib\Cake\Model\Datasource\DboSource.php(646): DboSource->execute('SELECT `DeviceT...', Array, Array)
#3 D:\Users\indermue\Documents\siteweb\www\cakephp_dev\cakephp\lib\Cake\Model\Datasource\DboSource.php(1057): DboSource->fetchAll('SELECT `DeviceT...', false)
#4 D:\Users\indermue\Documents\siteweb\www\cakephp_dev\cakephp\lib\Cake\Model\Model.php(2635): DboSource->read(Object(DeviceType), Array)
#5 D:\Users\indermue\Documents\siteweb\www\cakephp_dev\codebar\Controller\DevicesController.php(50): Model->find('list')
#6 [internal function]: DevicesController->add()
#7 D:\Users\indermue\Documents\siteweb\www\cakephp_dev\cakephp\lib\Cake\Controller\Controller.php(488): ReflectionMethod->invokeArgs(Object(DevicesController), Array)
#8 D:\Users\indermue\Documents\siteweb\www\cakephp_dev\cakephp\lib\Cake\Routing\Dispatcher.php(103): Controller->invokeAction(Object(CakeRequest))
#9 D:\Users\indermue\Documents\siteweb\www\cakephp_dev\cakephp\lib\Cake\Routing\Dispatcher.php(85): Dispatcher->_invoke(Object(DevicesController), Object(CakeRequest), Object(CakeResponse))
#10 D:\Users\indermue\Documents\siteweb\www\cakephp_dev\codebar\webroot\index.php(96): Dispatcher->dispatch(Object(CakeRequest), Object(CakeResponse))
#11 {main}
2012-04-02 15:27:15 Error: [MissingTableException] Table device_brands for model DeviceBrand was not found in datasource default.
#0 D:\Users\indermue\Documents\siteweb\www\cakephp_dev\cakephp\lib\Cake\Model\Model.php(3380): Model->setSource('device_brands')
#1 D:\Users\indermue\Documents\siteweb\www\cakephp_dev\cakephp\lib\Cake\Model\Datasource\DboSource.php(1043): Model->getDataSource()
#2 D:\Users\indermue\Documents\siteweb\www\cakephp_dev\cakephp\lib\Cake\Model\Model.php(2635): DboSource->read(Object(DeviceType), Array)
#3 D:\Users\indermue\Documents\siteweb\www\cakephp_dev\cakephp\lib\Cake\Controller\Component\PaginatorComponent.php(172): Model->find('all', Array)
#4 D:\Users\indermue\Documents\siteweb\www\cakephp_dev\cakephp\lib\Cake\Controller\Controller.php(1087): PaginatorComponent->paginate(NULL, Array, Array)
#5 D:\Users\indermue\Documents\siteweb\www\cakephp_dev\codebar\Controller\DeviceTypesController.php(18): Controller->paginate()
#6 [internal function]: DeviceTypesController->index()
#7 D:\Users\indermue\Documents\siteweb\www\cakephp_dev\cakephp\lib\Cake\Controller\Controller.php(488): ReflectionMethod->invokeArgs(Object(DeviceTypesController), Array)
#8 D:\Users\indermue\Documents\siteweb\www\cakephp_dev\cakephp\lib\Cake\Routing\Dispatcher.php(103): Controller->invokeAction(Object(CakeRequest))
#9 D:\Users\indermue\Documents\siteweb\www\cakephp_dev\cakephp\lib\Cake\Routing\Dispatcher.php(85): Dispatcher->_invoke(Object(DeviceTypesController), Object(CakeRequest), Object(CakeResponse))
#10 D:\Users\indermue\Documents\siteweb\www\cakephp_dev\codebar\webroot\index.php(96): Dispatcher->dispatch(Object(CakeRequest), Object(CakeResponse))
#11 {main}
2012-04-03 07:41:24 Error: [NotFoundException] Invalid device type
#0 [internal function]: DeviceTypesController->view('81')
#1 D:\Users\indermue\Documents\siteweb\www\cakephp_dev\cakephp\lib\Cake\Controller\Controller.php(488): ReflectionMethod->invokeArgs(Object(DeviceTypesController), Array)
#2 D:\Users\indermue\Documents\siteweb\www\cakephp_dev\cakephp\lib\Cake\Routing\Dispatcher.php(103): Controller->invokeAction(Object(CakeRequest))
#3 D:\Users\indermue\Documents\siteweb\www\cakephp_dev\cakephp\lib\Cake\Routing\Dispatcher.php(85): Dispatcher->_invoke(Object(DeviceTypesController), Object(CakeRequest), Object(CakeResponse))
#4 D:\Users\indermue\Documents\siteweb\www\cakephp_dev\codebar\webroot\index.php(96): Dispatcher->dispatch(Object(CakeRequest), Object(CakeResponse))
#5 {main}
2012-04-03 07:43:03 Error: [PDOException] SQLSTATE[42S22]: Column not found: 1054 Unknown column 'DeviceType.device_brand_id' in 'on clause'
#0 D:\Users\indermue\Documents\siteweb\www\cakephp_dev\cakephp\lib\Cake\Model\Datasource\DboSource.php(436): PDOStatement->execute(Array)
#1 D:\Users\indermue\Documents\siteweb\www\cakephp_dev\cakephp\lib\Cake\Model\Datasource\DboSource.php(403): DboSource->_execute('SELECT `DeviceT...', Array)
#2 D:\Users\indermue\Documents\siteweb\www\cakephp_dev\cakephp\lib\Cake\Model\Datasource\DboSource.php(646): DboSource->execute('SELECT `DeviceT...', Array, Array)
#3 D:\Users\indermue\Documents\siteweb\www\cakephp_dev\cakephp\lib\Cake\Model\Datasource\DboSource.php(1057): DboSource->fetchAll('SELECT `DeviceT...', false)
#4 D:\Users\indermue\Documents\siteweb\www\cakephp_dev\cakephp\lib\Cake\Model\Model.php(2635): DboSource->read(Object(DeviceType), Array)
#5 D:\Users\indermue\Documents\siteweb\www\cakephp_dev\cakephp\lib\Cake\Model\Model.php(1491): Model->find('first', Array)
#6 D:\Users\indermue\Documents\siteweb\www\cakephp_dev\codebar\Controller\DeviceTypesController.php(32): Model->read(NULL, '79')
#7 [internal function]: DeviceTypesController->view('79')
#8 D:\Users\indermue\Documents\siteweb\www\cakephp_dev\cakephp\lib\Cake\Controller\Controller.php(488): ReflectionMethod->invokeArgs(Object(DeviceTypesController), Array)
#9 D:\Users\indermue\Documents\siteweb\www\cakephp_dev\cakephp\lib\Cake\Routing\Dispatcher.php(103): Controller->invokeAction(Object(CakeRequest))
#10 D:\Users\indermue\Documents\siteweb\www\cakephp_dev\cakephp\lib\Cake\Routing\Dispatcher.php(85): Dispatcher->_invoke(Object(DeviceTypesController), Object(CakeRequest), Object(CakeResponse))
#11 D:\Users\indermue\Documents\siteweb\www\cakephp_dev\codebar\webroot\index.php(96): Dispatcher->dispatch(Object(CakeRequest), Object(CakeResponse))
#12 {main}
2012-04-04 07:06:44 Error: [MissingTableException] Table device_types for model DeviceType was not found in datasource default.
#0 D:\Users\indermue\Documents\siteweb\www\cakephp_dev\cakephp\lib\Cake\Model\Model.php(3380): Model->setSource('device_types')
#1 D:\Users\indermue\Documents\siteweb\www\cakephp_dev\cakephp\lib\Cake\Model\Datasource\DboSource.php(1043): Model->getDataSource()
#2 D:\Users\indermue\Documents\siteweb\www\cakephp_dev\cakephp\lib\Cake\Model\Model.php(2635): DboSource->read(Object(Device), Array)
#3 D:\Users\indermue\Documents\siteweb\www\cakephp_dev\cakephp\lib\Cake\Controller\Component\PaginatorComponent.php(172): Model->find('all', Array)
#4 D:\Users\indermue\Documents\siteweb\www\cakephp_dev\cakephp\lib\Cake\Controller\Controller.php(1087): PaginatorComponent->paginate(NULL, Array, Array)
#5 D:\Users\indermue\Documents\siteweb\www\cakephp_dev\codebar\Controller\DevicesController.php(18): Controller->paginate()
#6 [internal function]: DevicesController->index()
#7 D:\Users\indermue\Documents\siteweb\www\cakephp_dev\cakephp\lib\Cake\Controller\Controller.php(488): ReflectionMethod->invokeArgs(Object(DevicesController), Array)
#8 D:\Users\indermue\Documents\siteweb\www\cakephp_dev\cakephp\lib\Cake\Routing\Dispatcher.php(103): Controller->invokeAction(Object(CakeRequest))
#9 D:\Users\indermue\Documents\siteweb\www\cakephp_dev\cakephp\lib\Cake\Routing\Dispatcher.php(85): Dispatcher->_invoke(Object(DevicesController), Object(CakeRequest), Object(CakeResponse))
#10 D:\Users\indermue\Documents\siteweb\www\cakephp_dev\codebar\webroot\index.php(96): Dispatcher->dispatch(Object(CakeRequest), Object(CakeResponse))
#11 {main}
2012-04-04 07:15:54 Error: [MissingTableException] Table device_types for model DeviceType was not found in datasource default.
#0 D:\Users\indermue\Documents\siteweb\www\cakephp_dev\cakephp\lib\Cake\Model\Model.php(3380): Model->setSource('device_types')
#1 D:\Users\indermue\Documents\siteweb\www\cakephp_dev\cakephp\lib\Cake\Model\Datasource\DboSource.php(1043): Model->getDataSource()
#2 D:\Users\indermue\Documents\siteweb\www\cakephp_dev\cakephp\lib\Cake\Model\Model.php(2635): DboSource->read(Object(Device), Array)
#3 D:\Users\indermue\Documents\siteweb\www\cakephp_dev\cakephp\lib\Cake\Controller\Component\PaginatorComponent.php(172): Model->find('all', Array)
#4 D:\Users\indermue\Documents\siteweb\www\cakephp_dev\cakephp\lib\Cake\Controller\Controller.php(1087): PaginatorComponent->paginate(NULL, Array, Array)
#5 D:\Users\indermue\Documents\siteweb\www\cakephp_dev\codebar\Controller\DevicesController.php(18): Controller->paginate()
#6 [internal function]: DevicesController->index()
#7 D:\Users\indermue\Documents\siteweb\www\cakephp_dev\cakephp\lib\Cake\Controller\Controller.php(488): ReflectionMethod->invokeArgs(Object(DevicesController), Array)
#8 D:\Users\indermue\Documents\siteweb\www\cakephp_dev\cakephp\lib\Cake\Routing\Dispatcher.php(103): Controller->invokeAction(Object(CakeRequest))
#9 D:\Users\indermue\Documents\siteweb\www\cakephp_dev\cakephp\lib\Cake\Routing\Dispatcher.php(85): Dispatcher->_invoke(Object(DevicesController), Object(CakeRequest), Object(CakeResponse))
#10 D:\Users\indermue\Documents\siteweb\www\cakephp_dev\codebar\webroot\index.php(96): Dispatcher->dispatch(Object(CakeRequest), Object(CakeResponse))
#11 {main}
