2012-04-02 15:13:52 Error: [PDOException] SQLSTATE[42S22]: Column not found: 1054 Unknown column 'DeviceType.name' in 'field list'
#0 D:\Users\indermue\Documents\siteweb\www\cakephp_dev\cakephp\lib\Cake\Model\Datasource\DboSource.php(436): PDOStatement->execute(Array)
#1 D:\Users\indermue\Documents\siteweb\www\cakephp_dev\cakephp\lib\Cake\Model\Datasource\DboSource.php(403): DboSource->_execute('SELECT `DeviceT...', Array)
#2 D:\Users\indermue\Documents\siteweb\www\cakephp_dev\cakephp\lib\Cake\Model\Datasource\DboSource.php(646): DboSource->execute('SELECT `DeviceT...', Array, Array)
#3 D:\Users\indermue\Documents\siteweb\www\cakephp_dev\cakephp\lib\Cake\Model\Datasource\DboSource.php(1057): DboSource->fetchAll('SELECT `DeviceT...', false)
#4 D:\Users\indermue\Documents\siteweb\www\cakephp_dev\cakephp\lib\Cake\Model\Model.php(2635): DboSource->read(Object(DeviceType), Array)
#5 D:\Users\indermue\Documents\siteweb\www\cakephp_dev\codebar\Controller\DevicesController.php(50): Model->find('list')
#6 [internal function]: DevicesController->add()
#7 D:\Users\indermue\Documents\siteweb\www\cakephp_dev\cakephp\lib\Cake\Controller\Controller.php(488): ReflectionMethod->invokeArgs(Object(DevicesController), Array)
#8 D:\Users\indermue\Documents\siteweb\www\cakephp_dev\cakephp\lib\Cake\Routing\Dispatcher.php(103): Controller->invokeAction(Object(CakeRequest))
#9 D:\Users\indermue\Documents\siteweb\www\cakephp_dev\cakephp\lib\Cake\Routing\Dispatcher.php(85): Dispatcher->_invoke(Object(DevicesController), Object(CakeRequest), Object(CakeResponse))
#10 D:\Users\indermue\Documents\siteweb\www\cakephp_dev\codebar\webroot\index.php(96): Dispatcher->dispatch(Object(CakeRequest), Object(CakeResponse))
#11 {main}
2012-04-02 15:27:15 Error: [MissingTableException] Table device_brands for model DeviceBrand was not found in datasource default.
#0 D:\Users\indermue\Documents\siteweb\www\cakephp_dev\cakephp\lib\Cake\Model\Model.php(3380): Model->setSource('device_brands')
#1 D:\Users\indermue\Documents\siteweb\www\cakephp_dev\cakephp\lib\Cake\Model\Datasource\DboSource.php(1043): Model->getDataSource()
#2 D:\Users\indermue\Documents\siteweb\www\cakephp_dev\cakephp\lib\Cake\Model\Model.php(2635): DboSource->read(Object(DeviceType), Array)
#3 D:\Users\indermue\Documents\siteweb\www\cakephp_dev\cakephp\lib\Cake\Controller\Component\PaginatorComponent.php(172): Model->find('all', Array)
#4 D:\Users\indermue\Documents\siteweb\www\cakephp_dev\cakephp\lib\Cake\Controller\Controller.php(1087): PaginatorComponent->paginate(NULL, Array, Array)
#5 D:\Users\indermue\Documents\siteweb\www\cakephp_dev\codebar\Controller\DeviceTypesController.php(18): Controller->paginate()
#6 [internal function]: DeviceTypesController->index()
#7 D:\Users\indermue\Documents\siteweb\www\cakephp_dev\cakephp\lib\Cake\Controller\Controller.php(488): ReflectionMethod->invokeArgs(Object(DeviceTypesController), Array)
#8 D:\Users\indermue\Documents\siteweb\www\cakephp_dev\cakephp\lib\Cake\Routing\Dispatcher.php(103): Controller->invokeAction(Object(CakeRequest))
#9 D:\Users\indermue\Documents\siteweb\www\cakephp_dev\cakephp\lib\Cake\Routing\Dispatcher.php(85): Dispatcher->_invoke(Object(DeviceTypesController), Object(CakeRequest), Object(CakeResponse))
#10 D:\Users\indermue\Documents\siteweb\www\cakephp_dev\codebar\webroot\index.php(96): Dispatcher->dispatch(Object(CakeRequest), Object(CakeResponse))
#11 {main}
2012-04-03 07:41:24 Error: [NotFoundException] Invalid device type
#0 [internal function]: DeviceTypesController->view('81')
#1 D:\Users\indermue\Documents\siteweb\www\cakephp_dev\cakephp\lib\Cake\Controller\Controller.php(488): ReflectionMethod->invokeArgs(Object(DeviceTypesController), Array)
#2 D:\Users\indermue\Documents\siteweb\www\cakephp_dev\cakephp\lib\Cake\Routing\Dispatcher.php(103): Controller->invokeAction(Object(CakeRequest))
#3 D:\Users\indermue\Documents\siteweb\www\cakephp_dev\cakephp\lib\Cake\Routing\Dispatcher.php(85): Dispatcher->_invoke(Object(DeviceTypesController), Object(CakeRequest), Object(CakeResponse))
#4 D:\Users\indermue\Documents\siteweb\www\cakephp_dev\codebar\webroot\index.php(96): Dispatcher->dispatch(Object(CakeRequest), Object(CakeResponse))
#5 {main}
2012-04-03 07:43:03 Error: [PDOException] SQLSTATE[42S22]: Column not found: 1054 Unknown column 'DeviceType.device_brand_id' in 'on clause'
#0 D:\Users\indermue\Documents\siteweb\www\cakephp_dev\cakephp\lib\Cake\Model\Datasource\DboSource.php(436): PDOStatement->execute(Array)
#1 D:\Users\indermue\Documents\siteweb\www\cakephp_dev\cakephp\lib\Cake\Model\Datasource\DboSource.php(403): DboSource->_execute('SELECT `DeviceT...', Array)
#2 D:\Users\indermue\Documents\siteweb\www\cakephp_dev\cakephp\lib\Cake\Model\Datasource\DboSource.php(646): DboSource->execute('SELECT `DeviceT...', Array, Array)
#3 D:\Users\indermue\Documents\siteweb\www\cakephp_dev\cakephp\lib\Cake\Model\Datasource\DboSource.php(1057): DboSource->fetchAll('SELECT `DeviceT...', false)
#4 D:\Users\indermue\Documents\siteweb\www\cakephp_dev\cakephp\lib\Cake\Model\Model.php(2635): DboSource->read(Object(DeviceType), Array)
#5 D:\Users\indermue\Documents\siteweb\www\cakephp_dev\cakephp\lib\Cake\Model\Model.php(1491): Model->find('first', Array)
#6 D:\Users\indermue\Documents\siteweb\www\cakephp_dev\codebar\Controller\DeviceTypesController.php(32): Model->read(NULL, '79')
#7 [internal function]: DeviceTypesController->view('79')
#8 D:\Users\indermue\Documents\siteweb\www\cakephp_dev\cakephp\lib\Cake\Controller\Controller.php(488): ReflectionMethod->invokeArgs(Object(DeviceTypesController), Array)
#9 D:\Users\indermue\Documents\siteweb\www\cakephp_dev\cakephp\lib\Cake\Routing\Dispatcher.php(103): Controller->invokeAction(Object(CakeRequest))
#10 D:\Users\indermue\Documents\siteweb\www\cakephp_dev\cakephp\lib\Cake\Routing\Dispatcher.php(85): Dispatcher->_invoke(Object(DeviceTypesController), Object(CakeRequest), Object(CakeResponse))
#11 D:\Users\indermue\Documents\siteweb\www\cakephp_dev\codebar\webroot\index.php(96): Dispatcher->dispatch(Object(CakeRequest), Object(CakeResponse))
#12 {main}
2012-04-03 20:22:25 Error: [MissingTableException] Table languages for model Language was not found in datasource default.
#0 C:\wamp\www\cakephp\lib\Cake\Model\Model.php(3398): Model->setSource('languages')
#1 C:\wamp\www\cakephp\lib\Cake\Model\Datasource\DboSource.php(1044): Model->getDataSource()
#2 C:\wamp\www\cakephp\lib\Cake\Model\Model.php(2653): DboSource->read(Object(Person), Array)
#3 C:\wamp\www\cakephp\lib\Cake\Model\Model.php(1489): Model->find('first', Array)
#4 C:\wamp\www\codebar\Controller\PeopleController.php(32): Model->read(NULL, '223650')
#5 [internal function]: PeopleController->view('223650')
#6 C:\wamp\www\cakephp\lib\Cake\Controller\Controller.php(485): ReflectionMethod->invokeArgs(Object(PeopleController), Array)
#7 C:\wamp\www\cakephp\lib\Cake\Routing\Dispatcher.php(103): Controller->invokeAction(Object(CakeRequest))
#8 C:\wamp\www\cakephp\lib\Cake\Routing\Dispatcher.php(85): Dispatcher->_invoke(Object(PeopleController), Object(CakeRequest), Object(CakeResponse))
#9 C:\wamp\www\codebar\webroot\index.php(96): Dispatcher->dispatch(Object(CakeRequest), Object(CakeResponse))
#10 {main}
2012-04-03 21:06:34 Error: [PDOException] SQLSTATE[42S22]: Column not found: 1054 Unknown column 'DeviceType.device_type_id' in 'where clause'
#0 C:\wamp\www\cakephp\lib\Cake\Model\Datasource\DboSource.php(437): PDOStatement->execute(Array)
#1 C:\wamp\www\cakephp\lib\Cake\Model\Datasource\DboSource.php(403): DboSource->_execute('SELECT `DeviceT...', Array)
#2 C:\wamp\www\cakephp\lib\Cake\Model\Datasource\DboSource.php(647): DboSource->execute('SELECT `DeviceT...', Array, Array)
#3 C:\wamp\www\cakephp\lib\Cake\Model\Datasource\DboSource.php(1058): DboSource->fetchAll('SELECT `DeviceT...', false)
#4 C:\wamp\www\cakephp\lib\Cake\Model\Model.php(2653): DboSource->read(Object(DeviceType), Array)
#5 C:\wamp\www\cakephp\lib\Cake\Model\Datasource\DboSource.php(576): Model->find('first', Array)
#6 C:\wamp\www\cakephp\lib\Cake\Model\Model.php(775): DboSource->query('findByDeviceTyp...', Array, Object(DeviceType))
#7 C:\wamp\www\codebar\Controller\PeopleController.php(34): Model->__call('findByDeviceTyp...', Array)
#8 C:\wamp\www\codebar\Controller\PeopleController.php(34): DeviceType->findByDeviceTypeId(NULL)
#9 [internal function]: PeopleController->view('223664')
#10 C:\wamp\www\cakephp\lib\Cake\Controller\Controller.php(485): ReflectionMethod->invokeArgs(Object(PeopleController), Array)
#11 C:\wamp\www\cakephp\lib\Cake\Routing\Dispatcher.php(103): Controller->invokeAction(Object(CakeRequest))
#12 C:\wamp\www\cakephp\lib\Cake\Routing\Dispatcher.php(85): Dispatcher->_invoke(Object(PeopleController), Object(CakeRequest), Object(CakeResponse))
#13 C:\wamp\www\codebar\webroot\index.php(96): Dispatcher->dispatch(Object(CakeRequest), Object(CakeResponse))
#14 {main}
2012-04-03 21:07:17 Error: [PDOException] SQLSTATE[42S22]: Column not found: 1054 Unknown column 'DeviceType.device_type_id' in 'where clause'
#0 C:\wamp\www\cakephp\lib\Cake\Model\Datasource\DboSource.php(437): PDOStatement->execute(Array)
#1 C:\wamp\www\cakephp\lib\Cake\Model\Datasource\DboSource.php(403): DboSource->_execute('SELECT `DeviceT...', Array)
#2 C:\wamp\www\cakephp\lib\Cake\Model\Datasource\DboSource.php(647): DboSource->execute('SELECT `DeviceT...', Array, Array)
#3 C:\wamp\www\cakephp\lib\Cake\Model\Datasource\DboSource.php(1058): DboSource->fetchAll('SELECT `DeviceT...', false)
#4 C:\wamp\www\cakephp\lib\Cake\Model\Model.php(2653): DboSource->read(Object(DeviceType), Array)
#5 C:\wamp\www\cakephp\lib\Cake\Model\Datasource\DboSource.php(576): Model->find('first', Array)
#6 C:\wamp\www\cakephp\lib\Cake\Model\Model.php(775): DboSource->query('findByDeviceTyp...', Array, Object(DeviceType))
#7 C:\wamp\www\codebar\Controller\PeopleController.php(33): Model->__call('findByDeviceTyp...', Array)
#8 C:\wamp\www\codebar\Controller\PeopleController.php(33): DeviceType->findByDeviceTypeId(NULL)
#9 [internal function]: PeopleController->view('223664')
#10 C:\wamp\www\cakephp\lib\Cake\Controller\Controller.php(485): ReflectionMethod->invokeArgs(Object(PeopleController), Array)
#11 C:\wamp\www\cakephp\lib\Cake\Routing\Dispatcher.php(103): Controller->invokeAction(Object(CakeRequest))
#12 C:\wamp\www\cakephp\lib\Cake\Routing\Dispatcher.php(85): Dispatcher->_invoke(Object(PeopleController), Object(CakeRequest), Object(CakeResponse))
#13 C:\wamp\www\codebar\webroot\index.php(96): Dispatcher->dispatch(Object(CakeRequest), Object(CakeResponse))
#14 {main}
2012-04-03 21:07:37 Error: [PDOException] SQLSTATE[42S22]: Column not found: 1054 Unknown column 'DeviceType.device_type_id' in 'where clause'
#0 C:\wamp\www\cakephp\lib\Cake\Model\Datasource\DboSource.php(437): PDOStatement->execute(Array)
#1 C:\wamp\www\cakephp\lib\Cake\Model\Datasource\DboSource.php(403): DboSource->_execute('SELECT `DeviceT...', Array)
#2 C:\wamp\www\cakephp\lib\Cake\Model\Datasource\DboSource.php(647): DboSource->execute('SELECT `DeviceT...', Array, Array)
#3 C:\wamp\www\cakephp\lib\Cake\Model\Datasource\DboSource.php(1058): DboSource->fetchAll('SELECT `DeviceT...', false)
#4 C:\wamp\www\cakephp\lib\Cake\Model\Model.php(2653): DboSource->read(Object(DeviceType), Array)
#5 C:\wamp\www\cakephp\lib\Cake\Model\Datasource\DboSource.php(576): Model->find('first', Array)
#6 C:\wamp\www\cakephp\lib\Cake\Model\Model.php(775): DboSource->query('findByDeviceTyp...', Array, Object(DeviceType))
#7 C:\wamp\www\codebar\Controller\PeopleController.php(33): Model->__call('findByDeviceTyp...', Array)
#8 C:\wamp\www\codebar\Controller\PeopleController.php(33): DeviceType->findByDeviceTypeId(NULL)
#9 [internal function]: PeopleController->view('223664')
#10 C:\wamp\www\cakephp\lib\Cake\Controller\Controller.php(485): ReflectionMethod->invokeArgs(Object(PeopleController), Array)
#11 C:\wamp\www\cakephp\lib\Cake\Routing\Dispatcher.php(103): Controller->invokeAction(Object(CakeRequest))
#12 C:\wamp\www\cakephp\lib\Cake\Routing\Dispatcher.php(85): Dispatcher->_invoke(Object(PeopleController), Object(CakeRequest), Object(CakeResponse))
#13 C:\wamp\www\codebar\webroot\index.php(96): Dispatcher->dispatch(Object(CakeRequest), Object(CakeResponse))
#14 {main}
2012-04-04 07:24:10 Error: [MissingTableException] Table device_types for model DeviceType was not found in datasource default.
#0 D:\Users\indermue\Documents\siteweb\www\cakephp_dev\cakephp\lib\Cake\Model\Model.php(3380): Model->setSource('device_types')
#1 D:\Users\indermue\Documents\siteweb\www\cakephp_dev\cakephp\lib\Cake\Model\Datasource\DboSource.php(1043): Model->getDataSource()
#2 D:\Users\indermue\Documents\siteweb\www\cakephp_dev\cakephp\lib\Cake\Model\Model.php(2635): DboSource->read(Object(Device), Array)
#3 D:\Users\indermue\Documents\siteweb\www\cakephp_dev\cakephp\lib\Cake\Controller\Component\PaginatorComponent.php(172): Model->find('all', Array)
#4 D:\Users\indermue\Documents\siteweb\www\cakephp_dev\cakephp\lib\Cake\Controller\Controller.php(1087): PaginatorComponent->paginate(NULL, Array, Array)
#5 D:\Users\indermue\Documents\siteweb\www\cakephp_dev\codebar\Controller\DevicesController.php(18): Controller->paginate()
#6 [internal function]: DevicesController->index()
#7 D:\Users\indermue\Documents\siteweb\www\cakephp_dev\cakephp\lib\Cake\Controller\Controller.php(488): ReflectionMethod->invokeArgs(Object(DevicesController), Array)
#8 D:\Users\indermue\Documents\siteweb\www\cakephp_dev\cakephp\lib\Cake\Routing\Dispatcher.php(103): Controller->invokeAction(Object(CakeRequest))
#9 D:\Users\indermue\Documents\siteweb\www\cakephp_dev\cakephp\lib\Cake\Routing\Dispatcher.php(85): Dispatcher->_invoke(Object(DevicesController), Object(CakeRequest), Object(CakeResponse))
#10 D:\Users\indermue\Documents\siteweb\www\cakephp_dev\codebar\webroot\index.php(96): Dispatcher->dispatch(Object(CakeRequest), Object(CakeResponse))
#11 {main}
2012-04-04 07:24:22 Error: [MissingTableException] Table device_types for model DeviceType was not found in datasource default.
#0 D:\Users\indermue\Documents\siteweb\www\cakephp_dev\cakephp\lib\Cake\Model\Model.php(3380): Model->setSource('device_types')
#1 D:\Users\indermue\Documents\siteweb\www\cakephp_dev\cakephp\lib\Cake\Model\Datasource\DboSource.php(1043): Model->getDataSource()
#2 D:\Users\indermue\Documents\siteweb\www\cakephp_dev\cakephp\lib\Cake\Model\Model.php(2635): DboSource->read(Object(Device), Array)
#3 D:\Users\indermue\Documents\siteweb\www\cakephp_dev\cakephp\lib\Cake\Controller\Component\PaginatorComponent.php(172): Model->find('all', Array)
#4 D:\Users\indermue\Documents\siteweb\www\cakephp_dev\cakephp\lib\Cake\Controller\Controller.php(1087): PaginatorComponent->paginate(NULL, Array, Array)
#5 D:\Users\indermue\Documents\siteweb\www\cakephp_dev\codebar\Controller\DevicesController.php(18): Controller->paginate()
#6 [internal function]: DevicesController->index()
#7 D:\Users\indermue\Documents\siteweb\www\cakephp_dev\cakephp\lib\Cake\Controller\Controller.php(488): ReflectionMethod->invokeArgs(Object(DevicesController), Array)
#8 D:\Users\indermue\Documents\siteweb\www\cakephp_dev\cakephp\lib\Cake\Routing\Dispatcher.php(103): Controller->invokeAction(Object(CakeRequest))
#9 D:\Users\indermue\Documents\siteweb\www\cakephp_dev\cakephp\lib\Cake\Routing\Dispatcher.php(85): Dispatcher->_invoke(Object(DevicesController), Object(CakeRequest), Object(CakeResponse))
#10 D:\Users\indermue\Documents\siteweb\www\cakephp_dev\codebar\webroot\index.php(96): Dispatcher->dispatch(Object(CakeRequest), Object(CakeResponse))
#11 {main}
2012-04-04 07:24:31 Error: [MissingTableException] Table device_types for model DeviceType was not found in datasource default.
#0 D:\Users\indermue\Documents\siteweb\www\cakephp_dev\cakephp\lib\Cake\Model\Model.php(3380): Model->setSource('device_types')
#1 D:\Users\indermue\Documents\siteweb\www\cakephp_dev\cakephp\lib\Cake\Model\Datasource\DboSource.php(1043): Model->getDataSource()
#2 D:\Users\indermue\Documents\siteweb\www\cakephp_dev\cakephp\lib\Cake\Model\Model.php(2635): DboSource->read(Object(Device), Array)
#3 D:\Users\indermue\Documents\siteweb\www\cakephp_dev\cakephp\lib\Cake\Controller\Component\PaginatorComponent.php(172): Model->find('all', Array)
#4 D:\Users\indermue\Documents\siteweb\www\cakephp_dev\cakephp\lib\Cake\Controller\Controller.php(1087): PaginatorComponent->paginate(NULL, Array, Array)
#5 D:\Users\indermue\Documents\siteweb\www\cakephp_dev\codebar\Controller\DevicesController.php(18): Controller->paginate()
#6 [internal function]: DevicesController->index()
#7 D:\Users\indermue\Documents\siteweb\www\cakephp_dev\cakephp\lib\Cake\Controller\Controller.php(488): ReflectionMethod->invokeArgs(Object(DevicesController), Array)
#8 D:\Users\indermue\Documents\siteweb\www\cakephp_dev\cakephp\lib\Cake\Routing\Dispatcher.php(103): Controller->invokeAction(Object(CakeRequest))
#9 D:\Users\indermue\Documents\siteweb\www\cakephp_dev\cakephp\lib\Cake\Routing\Dispatcher.php(85): Dispatcher->_invoke(Object(DevicesController), Object(CakeRequest), Object(CakeResponse))
#10 D:\Users\indermue\Documents\siteweb\www\cakephp_dev\codebar\webroot\index.php(96): Dispatcher->dispatch(Object(CakeRequest), Object(CakeResponse))
#11 {main}
2012-04-04 07:24:54 Error: [MissingTableException] Table device_types for model DeviceType was not found in datasource default.
#0 D:\Users\indermue\Documents\siteweb\www\cakephp_dev\cakephp\lib\Cake\Model\Model.php(3380): Model->setSource('device_types')
#1 D:\Users\indermue\Documents\siteweb\www\cakephp_dev\cakephp\lib\Cake\Model\Datasource\DboSource.php(1043): Model->getDataSource()
#2 D:\Users\indermue\Documents\siteweb\www\cakephp_dev\cakephp\lib\Cake\Model\Model.php(2635): DboSource->read(Object(Device), Array)
#3 D:\Users\indermue\Documents\siteweb\www\cakephp_dev\cakephp\lib\Cake\Controller\Component\PaginatorComponent.php(172): Model->find('all', Array)
#4 D:\Users\indermue\Documents\siteweb\www\cakephp_dev\cakephp\lib\Cake\Controller\Controller.php(1087): PaginatorComponent->paginate(NULL, Array, Array)
#5 D:\Users\indermue\Documents\siteweb\www\cakephp_dev\codebar\Controller\DevicesController.php(18): Controller->paginate()
#6 [internal function]: DevicesController->index()
#7 D:\Users\indermue\Documents\siteweb\www\cakephp_dev\cakephp\lib\Cake\Controller\Controller.php(488): ReflectionMethod->invokeArgs(Object(DevicesController), Array)
#8 D:\Users\indermue\Documents\siteweb\www\cakephp_dev\cakephp\lib\Cake\Routing\Dispatcher.php(103): Controller->invokeAction(Object(CakeRequest))
#9 D:\Users\indermue\Documents\siteweb\www\cakephp_dev\cakephp\lib\Cake\Routing\Dispatcher.php(85): Dispatcher->_invoke(Object(DevicesController), Object(CakeRequest), Object(CakeResponse))
#10 D:\Users\indermue\Documents\siteweb\www\cakephp_dev\codebar\webroot\index.php(96): Dispatcher->dispatch(Object(CakeRequest), Object(CakeResponse))
#11 {main}
2012-04-04 08:23:00 Error: [PDOException] SQLSTATE[42S22]: Column not found: 1054 Unknown column 'Device.DeviceTypename' in 'field list'
#0 D:\Users\indermue\Documents\siteweb\www\cakephp_dev\cakephp\lib\Cake\Model\Datasource\DboSource.php(436): PDOStatement->execute(Array)
#1 D:\Users\indermue\Documents\siteweb\www\cakephp_dev\cakephp\lib\Cake\Model\Datasource\DboSource.php(403): DboSource->_execute('SELECT `Device`...', Array)
#2 D:\Users\indermue\Documents\siteweb\www\cakephp_dev\cakephp\lib\Cake\Model\Datasource\DboSource.php(646): DboSource->execute('SELECT `Device`...', Array, Array)
#3 D:\Users\indermue\Documents\siteweb\www\cakephp_dev\cakephp\lib\Cake\Model\Datasource\DboSource.php(1057): DboSource->fetchAll('SELECT `Device`...', false)
#4 D:\Users\indermue\Documents\siteweb\www\cakephp_dev\cakephp\lib\Cake\Model\Model.php(2635): DboSource->read(Object(Device), Array)
#5 D:\Users\indermue\Documents\siteweb\www\cakephp_dev\codebar\Controller\DevicesController.php(34): Model->find('all', Array)
#6 [internal function]: DevicesController->view('4065')
#7 D:\Users\indermue\Documents\siteweb\www\cakephp_dev\cakephp\lib\Cake\Controller\Controller.php(488): ReflectionMethod->invokeArgs(Object(DevicesController), Array)
#8 D:\Users\indermue\Documents\siteweb\www\cakephp_dev\cakephp\lib\Cake\Routing\Dispatcher.php(103): Controller->invokeAction(Object(CakeRequest))
#9 D:\Users\indermue\Documents\siteweb\www\cakephp_dev\cakephp\lib\Cake\Routing\Dispatcher.php(85): Dispatcher->_invoke(Object(DevicesController), Object(CakeRequest), Object(CakeResponse))
#10 D:\Users\indermue\Documents\siteweb\www\cakephp_dev\codebar\webroot\index.php(96): Dispatcher->dispatch(Object(CakeRequest), Object(CakeResponse))
#11 {main}
2012-04-04 08:26:46 Error: [PDOException] SQLSTATE[42S22]: Column not found: 1054 Unknown column 'DeviceType.Brand.name' in 'field list'
#0 D:\Users\indermue\Documents\siteweb\www\cakephp_dev\cakephp\lib\Cake\Model\Datasource\DboSource.php(436): PDOStatement->execute(Array)
#1 D:\Users\indermue\Documents\siteweb\www\cakephp_dev\cakephp\lib\Cake\Model\Datasource\DboSource.php(403): DboSource->_execute('SELECT `Device`...', Array)
#2 D:\Users\indermue\Documents\siteweb\www\cakephp_dev\cakephp\lib\Cake\Model\Datasource\DboSource.php(646): DboSource->execute('SELECT `Device`...', Array, Array)
#3 D:\Users\indermue\Documents\siteweb\www\cakephp_dev\cakephp\lib\Cake\Model\Datasource\DboSource.php(1057): DboSource->fetchAll('SELECT `Device`...', false)
#4 D:\Users\indermue\Documents\siteweb\www\cakephp_dev\cakephp\lib\Cake\Model\Model.php(2635): DboSource->read(Object(Device), Array)
#5 D:\Users\indermue\Documents\siteweb\www\cakephp_dev\codebar\Controller\DevicesController.php(34): Model->find('all', Array)
#6 [internal function]: DevicesController->view('4065')
#7 D:\Users\indermue\Documents\siteweb\www\cakephp_dev\cakephp\lib\Cake\Controller\Controller.php(488): ReflectionMethod->invokeArgs(Object(DevicesController), Array)
#8 D:\Users\indermue\Documents\siteweb\www\cakephp_dev\cakephp\lib\Cake\Routing\Dispatcher.php(103): Controller->invokeAction(Object(CakeRequest))
#9 D:\Users\indermue\Documents\siteweb\www\cakephp_dev\cakephp\lib\Cake\Routing\Dispatcher.php(85): Dispatcher->_invoke(Object(DevicesController), Object(CakeRequest), Object(CakeResponse))
#10 D:\Users\indermue\Documents\siteweb\www\cakephp_dev\codebar\webroot\index.php(96): Dispatcher->dispatch(Object(CakeRequest), Object(CakeResponse))
#11 {main}
2012-04-04 08:27:37 Error: [PDOException] SQLSTATE[42S22]: Column not found: 1054 Unknown column 'Brand.name' in 'field list'
#0 D:\Users\indermue\Documents\siteweb\www\cakephp_dev\cakephp\lib\Cake\Model\Datasource\DboSource.php(436): PDOStatement->execute(Array)
#1 D:\Users\indermue\Documents\siteweb\www\cakephp_dev\cakephp\lib\Cake\Model\Datasource\DboSource.php(403): DboSource->_execute('SELECT `Device`...', Array)
#2 D:\Users\indermue\Documents\siteweb\www\cakephp_dev\cakephp\lib\Cake\Model\Datasource\DboSource.php(646): DboSource->execute('SELECT `Device`...', Array, Array)
#3 D:\Users\indermue\Documents\siteweb\www\cakephp_dev\cakephp\lib\Cake\Model\Datasource\DboSource.php(1057): DboSource->fetchAll('SELECT `Device`...', false)
#4 D:\Users\indermue\Documents\siteweb\www\cakephp_dev\cakephp\lib\Cake\Model\Model.php(2635): DboSource->read(Object(Device), Array)
#5 D:\Users\indermue\Documents\siteweb\www\cakephp_dev\codebar\Controller\DevicesController.php(34): Model->find('all', Array)
#6 [internal function]: DevicesController->view('4065')
#7 D:\Users\indermue\Documents\siteweb\www\cakephp_dev\cakephp\lib\Cake\Controller\Controller.php(488): ReflectionMethod->invokeArgs(Object(DevicesController), Array)
#8 D:\Users\indermue\Documents\siteweb\www\cakephp_dev\cakephp\lib\Cake\Routing\Dispatcher.php(103): Controller->invokeAction(Object(CakeRequest))
#9 D:\Users\indermue\Documents\siteweb\www\cakephp_dev\cakephp\lib\Cake\Routing\Dispatcher.php(85): Dispatcher->_invoke(Object(DevicesController), Object(CakeRequest), Object(CakeResponse))
#10 D:\Users\indermue\Documents\siteweb\www\cakephp_dev\codebar\webroot\index.php(96): Dispatcher->dispatch(Object(CakeRequest), Object(CakeResponse))
#11 {main}
2012-04-04 08:27:52 Error: [PDOException] SQLSTATE[42S22]: Column not found: 1054 Unknown column 'Brands.name' in 'field list'
#0 D:\Users\indermue\Documents\siteweb\www\cakephp_dev\cakephp\lib\Cake\Model\Datasource\DboSource.php(436): PDOStatement->execute(Array)
#1 D:\Users\indermue\Documents\siteweb\www\cakephp_dev\cakephp\lib\Cake\Model\Datasource\DboSource.php(403): DboSource->_execute('SELECT `Device`...', Array)
#2 D:\Users\indermue\Documents\siteweb\www\cakephp_dev\cakephp\lib\Cake\Model\Datasource\DboSource.php(646): DboSource->execute('SELECT `Device`...', Array, Array)
#3 D:\Users\indermue\Documents\siteweb\www\cakephp_dev\cakephp\lib\Cake\Model\Datasource\DboSource.php(1057): DboSource->fetchAll('SELECT `Device`...', false)
#4 D:\Users\indermue\Documents\siteweb\www\cakephp_dev\cakephp\lib\Cake\Model\Model.php(2635): DboSource->read(Object(Device), Array)
#5 D:\Users\indermue\Documents\siteweb\www\cakephp_dev\codebar\Controller\DevicesController.php(34): Model->find('all', Array)
#6 [internal function]: DevicesController->view('4065')
#7 D:\Users\indermue\Documents\siteweb\www\cakephp_dev\cakephp\lib\Cake\Controller\Controller.php(488): ReflectionMethod->invokeArgs(Object(DevicesController), Array)
#8 D:\Users\indermue\Documents\siteweb\www\cakephp_dev\cakephp\lib\Cake\Routing\Dispatcher.php(103): Controller->invokeAction(Object(CakeRequest))
#9 D:\Users\indermue\Documents\siteweb\www\cakephp_dev\cakephp\lib\Cake\Routing\Dispatcher.php(85): Dispatcher->_invoke(Object(DevicesController), Object(CakeRequest), Object(CakeResponse))
#10 D:\Users\indermue\Documents\siteweb\www\cakephp_dev\codebar\webroot\index.php(96): Dispatcher->dispatch(Object(CakeRequest), Object(CakeResponse))
#11 {main}
2012-04-04 08:27:59 Error: [PDOException] SQLSTATE[42S22]: Column not found: 1054 Unknown column 'DeviceTypes.name' in 'field list'
#0 D:\Users\indermue\Documents\siteweb\www\cakephp_dev\cakephp\lib\Cake\Model\Datasource\DboSource.php(436): PDOStatement->execute(Array)
#1 D:\Users\indermue\Documents\siteweb\www\cakephp_dev\cakephp\lib\Cake\Model\Datasource\DboSource.php(403): DboSource->_execute('SELECT `Device`...', Array)
#2 D:\Users\indermue\Documents\siteweb\www\cakephp_dev\cakephp\lib\Cake\Model\Datasource\DboSource.php(646): DboSource->execute('SELECT `Device`...', Array, Array)
#3 D:\Users\indermue\Documents\siteweb\www\cakephp_dev\cakephp\lib\Cake\Model\Datasource\DboSource.php(1057): DboSource->fetchAll('SELECT `Device`...', false)
#4 D:\Users\indermue\Documents\siteweb\www\cakephp_dev\cakephp\lib\Cake\Model\Model.php(2635): DboSource->read(Object(Device), Array)
#5 D:\Users\indermue\Documents\siteweb\www\cakephp_dev\codebar\Controller\DevicesController.php(34): Model->find('all', Array)
#6 [internal function]: DevicesController->view('4065')
#7 D:\Users\indermue\Documents\siteweb\www\cakephp_dev\cakephp\lib\Cake\Controller\Controller.php(488): ReflectionMethod->invokeArgs(Object(DevicesController), Array)
#8 D:\Users\indermue\Documents\siteweb\www\cakephp_dev\cakephp\lib\Cake\Routing\Dispatcher.php(103): Controller->invokeAction(Object(CakeRequest))
#9 D:\Users\indermue\Documents\siteweb\www\cakephp_dev\cakephp\lib\Cake\Routing\Dispatcher.php(85): Dispatcher->_invoke(Object(DevicesController), Object(CakeRequest), Object(CakeResponse))
#10 D:\Users\indermue\Documents\siteweb\www\cakephp_dev\codebar\webroot\index.php(96): Dispatcher->dispatch(Object(CakeRequest), Object(CakeResponse))
#11 {main}
2012-04-04 09:40:51 Error: [PDOException] SQLSTATE[23000]: Integrity constraint violation: 1052 Column 'id' in where clause is ambiguous
#0 D:\Users\indermue\Documents\siteweb\www\cakephp_dev\cakephp\lib\Cake\Model\Datasource\DboSource.php(436): PDOStatement->execute(Array)
#1 D:\Users\indermue\Documents\siteweb\www\cakephp_dev\cakephp\lib\Cake\Model\Datasource\DboSource.php(403): DboSource->_execute('SELECT `DeviceT...', Array)
#2 D:\Users\indermue\Documents\siteweb\www\cakephp_dev\cakephp\lib\Cake\Model\Datasource\DboSource.php(646): DboSource->execute('SELECT `DeviceT...', Array, Array)
#3 D:\Users\indermue\Documents\siteweb\www\cakephp_dev\cakephp\lib\Cake\Model\Datasource\DboSource.php(1057): DboSource->fetchAll('SELECT `DeviceT...', false)
#4 D:\Users\indermue\Documents\siteweb\www\cakephp_dev\cakephp\lib\Cake\Model\Model.php(2635): DboSource->read(Object(DeviceType), Array)
#5 D:\Users\indermue\Documents\siteweb\www\cakephp_dev\codebar\Controller\DevicesController.php(34): Model->find('first', Array)
#6 [internal function]: DevicesController->view('4065')
#7 D:\Users\indermue\Documents\siteweb\www\cakephp_dev\cakephp\lib\Cake\Controller\Controller.php(488): ReflectionMethod->invokeArgs(Object(DevicesController), Array)
#8 D:\Users\indermue\Documents\siteweb\www\cakephp_dev\cakephp\lib\Cake\Routing\Dispatcher.php(103): Controller->invokeAction(Object(CakeRequest))
#9 D:\Users\indermue\Documents\siteweb\www\cakephp_dev\cakephp\lib\Cake\Routing\Dispatcher.php(85): Dispatcher->_invoke(Object(DevicesController), Object(CakeRequest), Object(CakeResponse))
#10 D:\Users\indermue\Documents\siteweb\www\cakephp_dev\codebar\webroot\index.php(96): Dispatcher->dispatch(Object(CakeRequest), Object(CakeResponse))
#11 {main}
2012-04-04 09:51:50 Error: [PDOException] SQLSTATE[42S22]: Column not found: 1054 Unknown column 'Array' in 'where clause'
#0 D:\Users\indermue\Documents\siteweb\www\cakephp_dev\cakephp\lib\Cake\Model\Datasource\DboSource.php(436): PDOStatement->execute(Array)
#1 D:\Users\indermue\Documents\siteweb\www\cakephp_dev\cakephp\lib\Cake\Model\Datasource\DboSource.php(403): DboSource->_execute('SELECT `Device`...', Array)
#2 D:\Users\indermue\Documents\siteweb\www\cakephp_dev\cakephp\lib\Cake\Model\Datasource\DboSource.php(646): DboSource->execute('SELECT `Device`...', Array, Array)
#3 D:\Users\indermue\Documents\siteweb\www\cakephp_dev\cakephp\lib\Cake\Model\Datasource\DboSource.php(1057): DboSource->fetchAll('SELECT `Device`...', false)
#4 D:\Users\indermue\Documents\siteweb\www\cakephp_dev\cakephp\lib\Cake\Model\Model.php(2635): DboSource->read(Object(Device), Array)
#5 D:\Users\indermue\Documents\siteweb\www\cakephp_dev\codebar\Controller\DevicesController.php(39): Model->find('all', Array)
#6 [internal function]: DevicesController->view('4065')
#7 D:\Users\indermue\Documents\siteweb\www\cakephp_dev\cakephp\lib\Cake\Controller\Controller.php(488): ReflectionMethod->invokeArgs(Object(DevicesController), Array)
#8 D:\Users\indermue\Documents\siteweb\www\cakephp_dev\cakephp\lib\Cake\Routing\Dispatcher.php(103): Controller->invokeAction(Object(CakeRequest))
#9 D:\Users\indermue\Documents\siteweb\www\cakephp_dev\cakephp\lib\Cake\Routing\Dispatcher.php(85): Dispatcher->_invoke(Object(DevicesController), Object(CakeRequest), Object(CakeResponse))
#10 D:\Users\indermue\Documents\siteweb\www\cakephp_dev\codebar\webroot\index.php(96): Dispatcher->dispatch(Object(CakeRequest), Object(CakeResponse))
#11 {main}
2012-04-04 12:12:53 Error: [PDOException] SQLSTATE[42S22]: Column not found: 1054 Unknown column 'DeviceType.brand_id' in 'field list'
#0 D:\Users\indermue\Documents\siteweb\www\cakephp_dev\cakephp\lib\Cake\Model\Datasource\DboSource.php(436): PDOStatement->execute(Array)
#1 D:\Users\indermue\Documents\siteweb\www\cakephp_dev\cakephp\lib\Cake\Model\Datasource\DboSource.php(403): DboSource->_execute('SELECT `DeviceT...', Array)
#2 D:\Users\indermue\Documents\siteweb\www\cakephp_dev\cakephp\lib\Cake\Model\Datasource\DboSource.php(646): DboSource->execute('SELECT `DeviceT...', Array, Array)
#3 D:\Users\indermue\Documents\siteweb\www\cakephp_dev\cakephp\lib\Cake\Model\Datasource\DboSource.php(1057): DboSource->fetchAll('SELECT `DeviceT...', false)
#4 D:\Users\indermue\Documents\siteweb\www\cakephp_dev\cakephp\lib\Cake\Model\Model.php(2635): DboSource->read(Object(Device), Array)
#5 D:\Users\indermue\Documents\siteweb\www\cakephp_dev\codebar\Controller\DevicesController.php(42): Model->find('all', Array)
#6 [internal function]: DevicesController->view('3')
#7 D:\Users\indermue\Documents\siteweb\www\cakephp_dev\cakephp\lib\Cake\Controller\Controller.php(488): ReflectionMethod->invokeArgs(Object(DevicesController), Array)
#8 D:\Users\indermue\Documents\siteweb\www\cakephp_dev\cakephp\lib\Cake\Routing\Dispatcher.php(103): Controller->invokeAction(Object(CakeRequest))
#9 D:\Users\indermue\Documents\siteweb\www\cakephp_dev\cakephp\lib\Cake\Routing\Dispatcher.php(85): Dispatcher->_invoke(Object(DevicesController), Object(CakeRequest), Object(CakeResponse))
#10 D:\Users\indermue\Documents\siteweb\www\cakephp_dev\codebar\webroot\index.php(96): Dispatcher->dispatch(Object(CakeRequest), Object(CakeResponse))
#11 {main}
2012-04-04 12:17:59 Error: [PDOException] SQLSTATE[42S22]: Column not found: 1054 Unknown column 'Device.DeviceType' in 'field list'
#0 D:\Users\indermue\Documents\siteweb\www\cakephp_dev\cakephp\lib\Cake\Model\Datasource\DboSource.php(436): PDOStatement->execute(Array)
#1 D:\Users\indermue\Documents\siteweb\www\cakephp_dev\cakephp\lib\Cake\Model\Datasource\DboSource.php(403): DboSource->_execute('SELECT `Device`...', Array)
#2 D:\Users\indermue\Documents\siteweb\www\cakephp_dev\cakephp\lib\Cake\Model\Datasource\DboSource.php(646): DboSource->execute('SELECT `Device`...', Array, Array)
#3 D:\Users\indermue\Documents\siteweb\www\cakephp_dev\cakephp\lib\Cake\Model\Datasource\DboSource.php(1057): DboSource->fetchAll('SELECT `Device`...', false)
#4 D:\Users\indermue\Documents\siteweb\www\cakephp_dev\cakephp\lib\Cake\Model\Model.php(2635): DboSource->read(Object(Device), Array)
#5 D:\Users\indermue\Documents\siteweb\www\cakephp_dev\codebar\Controller\DevicesController.php(44): Model->find('all', Array)
#6 [internal function]: DevicesController->view('3')
#7 D:\Users\indermue\Documents\siteweb\www\cakephp_dev\cakephp\lib\Cake\Controller\Controller.php(488): ReflectionMethod->invokeArgs(Object(DevicesController), Array)
#8 D:\Users\indermue\Documents\siteweb\www\cakephp_dev\cakephp\lib\Cake\Routing\Dispatcher.php(103): Controller->invokeAction(Object(CakeRequest))
#9 D:\Users\indermue\Documents\siteweb\www\cakephp_dev\cakephp\lib\Cake\Routing\Dispatcher.php(85): Dispatcher->_invoke(Object(DevicesController), Object(CakeRequest), Object(CakeResponse))
#10 D:\Users\indermue\Documents\siteweb\www\cakephp_dev\codebar\webroot\index.php(96): Dispatcher->dispatch(Object(CakeRequest), Object(CakeResponse))
#11 {main}
2012-04-04 13:14:19 Error: [PDOException] SQLSTATE[42S22]: Column not found: 1054 Unknown column 'Device.device_type_id' in 'where clause'
#0 D:\Users\indermue\Documents\siteweb\www\cakephp_dev\cakephp\lib\Cake\Model\Datasource\DboSource.php(436): PDOStatement->execute(Array)
#1 D:\Users\indermue\Documents\siteweb\www\cakephp_dev\cakephp\lib\Cake\Model\Datasource\DboSource.php(403): DboSource->_execute('SELECT `DeviceT...', Array)
#2 D:\Users\indermue\Documents\siteweb\www\cakephp_dev\cakephp\lib\Cake\Model\Datasource\DboSource.php(646): DboSource->execute('SELECT `DeviceT...', Array, Array)
#3 D:\Users\indermue\Documents\siteweb\www\cakephp_dev\cakephp\lib\Cake\Model\Datasource\DboSource.php(1057): DboSource->fetchAll('SELECT `DeviceT...', false)
#4 D:\Users\indermue\Documents\siteweb\www\cakephp_dev\cakephp\lib\Cake\Model\Model.php(2635): DboSource->read(Object(DeviceType), Array)
#5 D:\Users\indermue\Documents\siteweb\www\cakephp_dev\codebar\Controller\DevicesController.php(48): Model->find('list', Array)
#6 [internal function]: DevicesController->view('3')
#7 D:\Users\indermue\Documents\siteweb\www\cakephp_dev\cakephp\lib\Cake\Controller\Controller.php(488): ReflectionMethod->invokeArgs(Object(DevicesController), Array)
#8 D:\Users\indermue\Documents\siteweb\www\cakephp_dev\cakephp\lib\Cake\Routing\Dispatcher.php(103): Controller->invokeAction(Object(CakeRequest))
#9 D:\Users\indermue\Documents\siteweb\www\cakephp_dev\cakephp\lib\Cake\Routing\Dispatcher.php(85): Dispatcher->_invoke(Object(DevicesController), Object(CakeRequest), Object(CakeResponse))
#10 D:\Users\indermue\Documents\siteweb\www\cakephp_dev\codebar\webroot\index.php(96): Dispatcher->dispatch(Object(CakeRequest), Object(CakeResponse))
#11 {main}
2012-04-04 13:15:05 Error: [PDOException] SQLSTATE[42S22]: Column not found: 1054 Unknown column 'DeviceType.device_type_id' in 'where clause'
#0 D:\Users\indermue\Documents\siteweb\www\cakephp_dev\cakephp\lib\Cake\Model\Datasource\DboSource.php(436): PDOStatement->execute(Array)
#1 D:\Users\indermue\Documents\siteweb\www\cakephp_dev\cakephp\lib\Cake\Model\Datasource\DboSource.php(403): DboSource->_execute('SELECT `DeviceT...', Array)
#2 D:\Users\indermue\Documents\siteweb\www\cakephp_dev\cakephp\lib\Cake\Model\Datasource\DboSource.php(646): DboSource->execute('SELECT `DeviceT...', Array, Array)
#3 D:\Users\indermue\Documents\siteweb\www\cakephp_dev\cakephp\lib\Cake\Model\Datasource\DboSource.php(1057): DboSource->fetchAll('SELECT `DeviceT...', false)
#4 D:\Users\indermue\Documents\siteweb\www\cakephp_dev\cakephp\lib\Cake\Model\Model.php(2635): DboSource->read(Object(DeviceType), Array)
#5 D:\Users\indermue\Documents\siteweb\www\cakephp_dev\codebar\Controller\DevicesController.php(48): Model->find('list', Array)
#6 [internal function]: DevicesController->view('3')
#7 D:\Users\indermue\Documents\siteweb\www\cakephp_dev\cakephp\lib\Cake\Controller\Controller.php(488): ReflectionMethod->invokeArgs(Object(DevicesController), Array)
#8 D:\Users\indermue\Documents\siteweb\www\cakephp_dev\cakephp\lib\Cake\Routing\Dispatcher.php(103): Controller->invokeAction(Object(CakeRequest))
#9 D:\Users\indermue\Documents\siteweb\www\cakephp_dev\cakephp\lib\Cake\Routing\Dispatcher.php(85): Dispatcher->_invoke(Object(DevicesController), Object(CakeRequest), Object(CakeResponse))
#10 D:\Users\indermue\Documents\siteweb\www\cakephp_dev\codebar\webroot\index.php(96): Dispatcher->dispatch(Object(CakeRequest), Object(CakeResponse))
#11 {main}
2012-04-04 13:15:22 Error: [PDOException] SQLSTATE[42S22]: Column not found: 1054 Unknown column 'Device.id' in 'where clause'
#0 D:\Users\indermue\Documents\siteweb\www\cakephp_dev\cakephp\lib\Cake\Model\Datasource\DboSource.php(436): PDOStatement->execute(Array)
#1 D:\Users\indermue\Documents\siteweb\www\cakephp_dev\cakephp\lib\Cake\Model\Datasource\DboSource.php(403): DboSource->_execute('SELECT `DeviceT...', Array)
#2 D:\Users\indermue\Documents\siteweb\www\cakephp_dev\cakephp\lib\Cake\Model\Datasource\DboSource.php(646): DboSource->execute('SELECT `DeviceT...', Array, Array)
#3 D:\Users\indermue\Documents\siteweb\www\cakephp_dev\cakephp\lib\Cake\Model\Datasource\DboSource.php(1057): DboSource->fetchAll('SELECT `DeviceT...', false)
#4 D:\Users\indermue\Documents\siteweb\www\cakephp_dev\cakephp\lib\Cake\Model\Model.php(2635): DboSource->read(Object(DeviceType), Array)
#5 D:\Users\indermue\Documents\siteweb\www\cakephp_dev\codebar\Controller\DevicesController.php(48): Model->find('list', Array)
#6 [internal function]: DevicesController->view('3')
#7 D:\Users\indermue\Documents\siteweb\www\cakephp_dev\cakephp\lib\Cake\Controller\Controller.php(488): ReflectionMethod->invokeArgs(Object(DevicesController), Array)
#8 D:\Users\indermue\Documents\siteweb\www\cakephp_dev\cakephp\lib\Cake\Routing\Dispatcher.php(103): Controller->invokeAction(Object(CakeRequest))
#9 D:\Users\indermue\Documents\siteweb\www\cakephp_dev\cakephp\lib\Cake\Routing\Dispatcher.php(85): Dispatcher->_invoke(Object(DevicesController), Object(CakeRequest), Object(CakeResponse))
#10 D:\Users\indermue\Documents\siteweb\www\cakephp_dev\codebar\webroot\index.php(96): Dispatcher->dispatch(Object(CakeRequest), Object(CakeResponse))
#11 {main}
2012-04-04 13:16:15 Error: [PDOException] SQLSTATE[42S22]: Column not found: 1054 Unknown column 'DeviceType.id' in 'where clause'
#0 D:\Users\indermue\Documents\siteweb\www\cakephp_dev\cakephp\lib\Cake\Model\Datasource\DboSource.php(436): PDOStatement->execute(Array)
#1 D:\Users\indermue\Documents\siteweb\www\cakephp_dev\cakephp\lib\Cake\Model\Datasource\DboSource.php(403): DboSource->_execute('SELECT `Brand`....', Array)
#2 D:\Users\indermue\Documents\siteweb\www\cakephp_dev\cakephp\lib\Cake\Model\Datasource\DboSource.php(646): DboSource->execute('SELECT `Brand`....', Array, Array)
#3 D:\Users\indermue\Documents\siteweb\www\cakephp_dev\cakephp\lib\Cake\Model\Datasource\DboSource.php(1057): DboSource->fetchAll('SELECT `Brand`....', false)
#4 D:\Users\indermue\Documents\siteweb\www\cakephp_dev\cakephp\lib\Cake\Model\Model.php(2635): DboSource->read(Object(Brand), Array)
#5 D:\Users\indermue\Documents\siteweb\www\cakephp_dev\codebar\Controller\DevicesController.php(47): Model->find('list', Array)
#6 [internal function]: DevicesController->view('3')
#7 D:\Users\indermue\Documents\siteweb\www\cakephp_dev\cakephp\lib\Cake\Controller\Controller.php(488): ReflectionMethod->invokeArgs(Object(DevicesController), Array)
#8 D:\Users\indermue\Documents\siteweb\www\cakephp_dev\cakephp\lib\Cake\Routing\Dispatcher.php(103): Controller->invokeAction(Object(CakeRequest))
#9 D:\Users\indermue\Documents\siteweb\www\cakephp_dev\cakephp\lib\Cake\Routing\Dispatcher.php(85): Dispatcher->_invoke(Object(DevicesController), Object(CakeRequest), Object(CakeResponse))
#10 D:\Users\indermue\Documents\siteweb\www\cakephp_dev\codebar\webroot\index.php(96): Dispatcher->dispatch(Object(CakeRequest), Object(CakeResponse))
#11 {main}
2012-04-04 13:17:05 Error: [PDOException] SQLSTATE[42S22]: Column not found: 1054 Unknown column 'DeviceType.brand_id' in 'where clause'
#0 D:\Users\indermue\Documents\siteweb\www\cakephp_dev\cakephp\lib\Cake\Model\Datasource\DboSource.php(436): PDOStatement->execute(Array)
#1 D:\Users\indermue\Documents\siteweb\www\cakephp_dev\cakephp\lib\Cake\Model\Datasource\DboSource.php(403): DboSource->_execute('SELECT `Brand`....', Array)
#2 D:\Users\indermue\Documents\siteweb\www\cakephp_dev\cakephp\lib\Cake\Model\Datasource\DboSource.php(646): DboSource->execute('SELECT `Brand`....', Array, Array)
#3 D:\Users\indermue\Documents\siteweb\www\cakephp_dev\cakephp\lib\Cake\Model\Datasource\DboSource.php(1057): DboSource->fetchAll('SELECT `Brand`....', false)
#4 D:\Users\indermue\Documents\siteweb\www\cakephp_dev\cakephp\lib\Cake\Model\Model.php(2635): DboSource->read(Object(Brand), Array)
#5 D:\Users\indermue\Documents\siteweb\www\cakephp_dev\codebar\Controller\DevicesController.php(47): Model->find('list', Array)
#6 [internal function]: DevicesController->view('3')
#7 D:\Users\indermue\Documents\siteweb\www\cakephp_dev\cakephp\lib\Cake\Controller\Controller.php(488): ReflectionMethod->invokeArgs(Object(DevicesController), Array)
#8 D:\Users\indermue\Documents\siteweb\www\cakephp_dev\cakephp\lib\Cake\Routing\Dispatcher.php(103): Controller->invokeAction(Object(CakeRequest))
#9 D:\Users\indermue\Documents\siteweb\www\cakephp_dev\cakephp\lib\Cake\Routing\Dispatcher.php(85): Dispatcher->_invoke(Object(DevicesController), Object(CakeRequest), Object(CakeResponse))
#10 D:\Users\indermue\Documents\siteweb\www\cakephp_dev\codebar\webroot\index.php(96): Dispatcher->dispatch(Object(CakeRequest), Object(CakeResponse))
#11 {main}
2012-04-04 13:30:35 Error: [PDOException] SQLSTATE[42S22]: Column not found: 1054 Unknown column 'recursive' in 'where clause'
#0 D:\Users\indermue\Documents\siteweb\www\cakephp_dev\cakephp\lib\Cake\Model\Datasource\DboSource.php(436): PDOStatement->execute(Array)
#1 D:\Users\indermue\Documents\siteweb\www\cakephp_dev\cakephp\lib\Cake\Model\Datasource\DboSource.php(403): DboSource->_execute('SELECT `DeviceT...', Array)
#2 D:\Users\indermue\Documents\siteweb\www\cakephp_dev\cakephp\lib\Cake\Model\Datasource\DboSource.php(646): DboSource->execute('SELECT `DeviceT...', Array, Array)
#3 D:\Users\indermue\Documents\siteweb\www\cakephp_dev\cakephp\lib\Cake\Model\Datasource\DboSource.php(1057): DboSource->fetchAll('SELECT `DeviceT...', false)
#4 D:\Users\indermue\Documents\siteweb\www\cakephp_dev\cakephp\lib\Cake\Model\Model.php(2635): DboSource->read(Object(DeviceType), Array)
#5 D:\Users\indermue\Documents\siteweb\www\cakephp_dev\cakephp\lib\Cake\Model\Model.php(1518): Model->find('first', Array)
#6 D:\Users\indermue\Documents\siteweb\www\cakephp_dev\codebar\Controller\DevicesController.php(39): Model->field('brand_id', Array)
#7 [internal function]: DevicesController->view('2')
#8 D:\Users\indermue\Documents\siteweb\www\cakephp_dev\cakephp\lib\Cake\Controller\Controller.php(488): ReflectionMethod->invokeArgs(Object(DevicesController), Array)
#9 D:\Users\indermue\Documents\siteweb\www\cakephp_dev\cakephp\lib\Cake\Routing\Dispatcher.php(103): Controller->invokeAction(Object(CakeRequest))
#10 D:\Users\indermue\Documents\siteweb\www\cakephp_dev\cakephp\lib\Cake\Routing\Dispatcher.php(85): Dispatcher->_invoke(Object(DevicesController), Object(CakeRequest), Object(CakeResponse))
#11 D:\Users\indermue\Documents\siteweb\www\cakephp_dev\codebar\webroot\index.php(96): Dispatcher->dispatch(Object(CakeRequest), Object(CakeResponse))
#12 {main}
2012-04-04 14:23:36 Error: [PDOException] SQLSTATE[42S22]: Column not found: 1054 Unknown column 'DeviceType.id' in 'where clause'
#0 D:\Users\indermue\Documents\siteweb\www\cakephp_dev\cakephp\lib\Cake\Model\Datasource\DboSource.php(436): PDOStatement->execute(Array)
#1 D:\Users\indermue\Documents\siteweb\www\cakephp_dev\cakephp\lib\Cake\Model\Datasource\DboSource.php(403): DboSource->_execute('SELECT `Brand`....', Array)
#2 D:\Users\indermue\Documents\siteweb\www\cakephp_dev\cakephp\lib\Cake\Model\Datasource\DboSource.php(646): DboSource->execute('SELECT `Brand`....', Array, Array)
#3 D:\Users\indermue\Documents\siteweb\www\cakephp_dev\cakephp\lib\Cake\Model\Datasource\DboSource.php(1057): DboSource->fetchAll('SELECT `Brand`....', false)
#4 D:\Users\indermue\Documents\siteweb\www\cakephp_dev\cakephp\lib\Cake\Model\Model.php(2635): DboSource->read(Object(Brand), Array)
#5 D:\Users\indermue\Documents\siteweb\www\cakephp_dev\codebar\Controller\DevicesController.php(39): Model->find('all', Array)
#6 [internal function]: DevicesController->view('2')
#7 D:\Users\indermue\Documents\siteweb\www\cakephp_dev\cakephp\lib\Cake\Controller\Controller.php(488): ReflectionMethod->invokeArgs(Object(DevicesController), Array)
#8 D:\Users\indermue\Documents\siteweb\www\cakephp_dev\cakephp\lib\Cake\Routing\Dispatcher.php(103): Controller->invokeAction(Object(CakeRequest))
#9 D:\Users\indermue\Documents\siteweb\www\cakephp_dev\cakephp\lib\Cake\Routing\Dispatcher.php(85): Dispatcher->_invoke(Object(DevicesController), Object(CakeRequest), Object(CakeResponse))
#10 D:\Users\indermue\Documents\siteweb\www\cakephp_dev\codebar\webroot\index.php(96): Dispatcher->dispatch(Object(CakeRequest), Object(CakeResponse))
#11 {main}
2012-04-04 14:29:20 Error: [PDOException] SQLSTATE[42S22]: Column not found: 1054 Unknown column '$id' in 'where clause'
#0 D:\Users\indermue\Documents\siteweb\www\cakephp_dev\cakephp\lib\Cake\Model\Datasource\DboSource.php(436): PDOStatement->execute(Array)
#1 D:\Users\indermue\Documents\siteweb\www\cakephp_dev\cakephp\lib\Cake\Model\Datasource\DboSource.php(403): DboSource->_execute('SELECT `Device`...', Array)
#2 D:\Users\indermue\Documents\siteweb\www\cakephp_dev\cakephp\lib\Cake\Model\Datasource\DboSource.php(646): DboSource->execute('SELECT `Device`...', Array, Array)
#3 D:\Users\indermue\Documents\siteweb\www\cakephp_dev\cakephp\lib\Cake\Model\Datasource\DboSource.php(1057): DboSource->fetchAll('SELECT `Device`...', false)
#4 D:\Users\indermue\Documents\siteweb\www\cakephp_dev\cakephp\lib\Cake\Model\Model.php(2635): DboSource->read(Object(Device), Array)
#5 D:\Users\indermue\Documents\siteweb\www\cakephp_dev\codebar\Controller\DevicesController.php(41): Model->find('all', Array)
#6 [internal function]: DevicesController->view('2')
#7 D:\Users\indermue\Documents\siteweb\www\cakephp_dev\cakephp\lib\Cake\Controller\Controller.php(488): ReflectionMethod->invokeArgs(Object(DevicesController), Array)
#8 D:\Users\indermue\Documents\siteweb\www\cakephp_dev\cakephp\lib\Cake\Routing\Dispatcher.php(103): Controller->invokeAction(Object(CakeRequest))
#9 D:\Users\indermue\Documents\siteweb\www\cakephp_dev\cakephp\lib\Cake\Routing\Dispatcher.php(85): Dispatcher->_invoke(Object(DevicesController), Object(CakeRequest), Object(CakeResponse))
#10 D:\Users\indermue\Documents\siteweb\www\cakephp_dev\codebar\webroot\index.php(96): Dispatcher->dispatch(Object(CakeRequest), Object(CakeResponse))
#11 {main}
